Arguments: 
  /usr/bin/node /usr/bin/yarn tart

PATH: 
  /home/symeshjb/bin:/home/symeshjb/.local/bin:/usr/local/sbin:/usr/local/bin:/usr/sbin:/usr/bin:/sbin:/bin:/usr/games:/usr/local/games:/snap/bin

Yarn version: 
  1.5.1

Node version: 
  6.13.0

Platform: 
  linux x64

npm manifest: 
  {
    "name": "EDAEDA",
    "version": "1.0.0",
    "description": "",
    "main": "index.js",
    "scripts": {
      "start": "node index.js",
      "test": "echo \"Error: no test specified\" && exit 1"
    },
    "keywords": [],
    "author": "",
    "license": "ISC",
    "dependencies": {
      "colors": "^1.1.2",
      "dotenv": "^4.0.0",
      "github-readme-retriever": "^0.1.7",
      "knex": "^0.14.2",
      "moment": "^2.19.3",
      "moment-timezone": "^0.5.14",
      "octonode": "^0.9.1",
      "octonode2": "^0.7.2",
      "readline": "^1.3.0",
      "sqlite3": "^3.1.13"
    }
  }

yarn manifest: 
  No manifest

Lockfile: 
  No lockfile

Trace: 
  Error: Command "tart" not found. Did you mean "start"?
      at MessageError.Error (native)
      at new MessageError (/usr/lib/node_modules/yarn/lib/cli.js:186:110)
      at /usr/lib/node_modules/yarn/lib/cli.js:87307:17
      at next (native)
      at step (/usr/lib/node_modules/yarn/lib/cli.js:98:30)
      at /usr/lib/node_modules/yarn/lib/cli.js:116:14
      at Promise.F (/usr/lib/node_modules/yarn/lib/cli.js:23451:28)
      at /usr/lib/node_modules/yarn/lib/cli.js:95:12
      at runCommand (/usr/lib/node_modules/yarn/lib/cli.js:87312:22)
      at Object.<anonymous> (/usr/lib/node_modules/yarn/lib/cli.js:87412:14)
